This is pdfTeX, Version 3.141592653-2.6-1.40.26 (TeX Live 2024) (preloaded format=pdflatex 2025.1.30)  18 OCT 2025 11:45
entering extended mode
 restricted \write18 enabled.
 file:line:error style messages enabled.
 %&-line parsing enabled.
**AI388_Part1.tex
(./AI388_Part1.tex
LaTeX2e <2024-11-01> patch level 2
L3 programming layer <2024-12-25>
(/usr/local/texlive/2024/texmf-dist/tex/latex/base/article.cls
Document Class: article 2024/06/29 v1.4n Standard LaTeX document class
(/usr/local/texlive/2024/texmf-dist/tex/latex/base/size10.clo
File: size10.clo 2024/06/29 v1.4n Standard LaTeX file (size option)
)
\c@part=\count196
\c@section=\count197
\c@subsection=\count198
\c@subsubsection=\count199
\c@paragraph=\count266
\c@subparagraph=\count267
\c@figure=\count268
\c@table=\count269
\abovecaptionskip=\skip49
\belowcaptionskip=\skip50
\bibindent=\dimen141
)
(/usr/local/texlive/2024/texmf-dist/tex/latex/base/inputenc.sty
Package: inputenc 2024/02/08 v1.3d Input encoding file
\inpenc@prehook=\toks17
\inpenc@posthook=\toks18
)
(/usr/local/texlive/2024/texmf-dist/tex/latex/amsmath/amsmath.sty
Package: amsmath 2024/11/05 v2.17t AMS math features
\@mathmargin=\skip51

For additional information on amsmath, use the `?' option.
(/usr/local/texlive/2024/texmf-dist/tex/latex/amsmath/amstext.sty
Package: amstext 2021/08/26 v2.01 AMS text

(/usr/local/texlive/2024/texmf-dist/tex/latex/amsmath/amsgen.sty
File: amsgen.sty 1999/11/30 v2.0 generic functions
\@emptytoks=\toks19
\ex@=\dimen142
))
(/usr/local/texlive/2024/texmf-dist/tex/latex/amsmath/amsbsy.sty
Package: amsbsy 1999/11/29 v1.2d Bold Symbols
\pmbraise@=\dimen143
)
(/usr/local/texlive/2024/texmf-dist/tex/latex/amsmath/amsopn.sty
Package: amsopn 2022/04/08 v2.04 operator names
)
\inf@bad=\count270
LaTeX Info: Redefining \frac on input line 233.
\uproot@=\count271
\leftroot@=\count272
LaTeX Info: Redefining \overline on input line 398.
LaTeX Info: Redefining \colon on input line 409.
\classnum@=\count273
\DOTSCASE@=\count274
LaTeX Info: Redefining \ldots on input line 495.
LaTeX Info: Redefining \dots on input line 498.
LaTeX Info: Redefining \cdots on input line 619.
\Mathstrutbox@=\box52
\strutbox@=\box53
LaTeX Info: Redefining \big on input line 721.
LaTeX Info: Redefining \Big on input line 722.
LaTeX Info: Redefining \bigg on input line 723.
LaTeX Info: Redefining \Bigg on input line 724.
\big@size=\dimen144
LaTeX Font Info:    Redeclaring font encoding OML on input line 742.
LaTeX Font Info:    Redeclaring font encoding OMS on input line 743.
\macc@depth=\count275
LaTeX Info: Redefining \bmod on input line 904.
LaTeX Info: Redefining \pmod on input line 909.
LaTeX Info: Redefining \smash on input line 939.
LaTeX Info: Redefining \relbar on input line 969.
LaTeX Info: Redefining \Relbar on input line 970.
\c@MaxMatrixCols=\count276
\dotsspace@=\muskip17
\c@parentequation=\count277
\dspbrk@lvl=\count278
\tag@help=\toks20
\row@=\count279
\column@=\count280
\maxfields@=\count281
\andhelp@=\toks21
\eqnshift@=\dimen145
\alignsep@=\dimen146
\tagshift@=\dimen147
\tagwidth@=\dimen148
\totwidth@=\dimen149
\lineht@=\dimen150
\@envbody=\toks22
\multlinegap=\skip52
\multlinetaggap=\skip53
\mathdisplay@stack=\toks23
LaTeX Info: Redefining \[ on input line 2953.
LaTeX Info: Redefining \] on input line 2954.
)
(/usr/local/texlive/2024/texmf-dist/tex/latex/amsfonts/amssymb.sty
Package: amssymb 2013/01/14 v3.01 AMS font symbols

(/usr/local/texlive/2024/texmf-dist/tex/latex/amsfonts/amsfonts.sty
Package: amsfonts 2013/01/14 v3.01 Basic AMSFonts support
\symAMSa=\mathgroup4
\symAMSb=\mathgroup5
LaTeX Font Info:    Redeclaring math symbol \hbar on input line 98.
LaTeX Font Info:    Overwriting math alphabet `\mathfrak' in version `bold'
(Font)                  U/euf/m/n --> U/euf/b/n on input line 106.
))
(/usr/local/texlive/2024/texmf-dist/tex/latex/booktabs/booktabs.sty
Package: booktabs 2020/01/12 v1.61803398 Publication quality tables
\heavyrulewidth=\dimen151
\lightrulewidth=\dimen152
\cmidrulewidth=\dimen153
\belowrulesep=\dimen154
\belowbottomsep=\dimen155
\aboverulesep=\dimen156
\abovetopsep=\dimen157
\cmidrulesep=\dimen158
\cmidrulekern=\dimen159
\defaultaddspace=\dimen160
\@cmidla=\count282
\@cmidlb=\count283
\@aboverulesep=\dimen161
\@belowrulesep=\dimen162
\@thisruleclass=\count284
\@lastruleclass=\count285
\@thisrulewidth=\dimen163
)
(/usr/local/texlive/2024/texmf-dist/tex/latex/geometry/geometry.sty
Package: geometry 2020/01/02 v5.9 Page Geometry

(/usr/local/texlive/2024/texmf-dist/tex/latex/graphics/keyval.sty
Package: keyval 2022/05/29 v1.15 key=value parser (DPC)
\KV@toks@=\toks24
)
(/usr/local/texlive/2024/texmf-dist/tex/generic/iftex/ifvtex.sty
Package: ifvtex 2019/10/25 v1.7 ifvtex legacy package. Use iftex instead.

(/usr/local/texlive/2024/texmf-dist/tex/generic/iftex/iftex.sty
Package: iftex 2024/12/12 v1.0g TeX engine tests
))
\Gm@cnth=\count286
\Gm@cntv=\count287
\c@Gm@tempcnt=\count288
\Gm@bindingoffset=\dimen164
\Gm@wd@mp=\dimen165
\Gm@odd@mp=\dimen166
\Gm@even@mp=\dimen167
\Gm@layoutwidth=\dimen168
\Gm@layoutheight=\dimen169
\Gm@layouthoffset=\dimen170
\Gm@layoutvoffset=\dimen171
\Gm@dimlist=\toks25
)
(/usr/local/texlive/2024/texmf-dist/tex/latex/hyperref/hyperref.sty
Package: hyperref 2024-11-05 v7.01l Hypertext links for LaTeX

(/usr/local/texlive/2024/texmf-dist/tex/latex/kvsetkeys/kvsetkeys.sty
Package: kvsetkeys 2022-10-05 v1.19 Key value parser (HO)
)
(/usr/local/texlive/2024/texmf-dist/tex/generic/kvdefinekeys/kvdefinekeys.sty
Package: kvdefinekeys 2019-12-19 v1.6 Define keys (HO)
)
(/usr/local/texlive/2024/texmf-dist/tex/generic/pdfescape/pdfescape.sty
Package: pdfescape 2019/12/09 v1.15 Implements pdfTeX's escape features (HO)

(/usr/local/texlive/2024/texmf-dist/tex/generic/ltxcmds/ltxcmds.sty
Package: ltxcmds 2023-12-04 v1.26 LaTeX kernel commands for general use (HO)
)
(/usr/local/texlive/2024/texmf-dist/tex/generic/pdftexcmds/pdftexcmds.sty
Package: pdftexcmds 2020-06-27 v0.33 Utility functions of pdfTeX for LuaTeX (HO
)

(/usr/local/texlive/2024/texmf-dist/tex/generic/infwarerr/infwarerr.sty
Package: infwarerr 2019/12/03 v1.5 Providing info/warning/error messages (HO)
)
Package pdftexcmds Info: \pdf@primitive is available.
Package pdftexcmds Info: \pdf@ifprimitive is available.
Package pdftexcmds Info: \pdfdraftmode found.
))
(/usr/local/texlive/2024/texmf-dist/tex/latex/hycolor/hycolor.sty
Package: hycolor 2020-01-27 v1.10 Color options for hyperref/bookmark (HO)
)
(/usr/local/texlive/2024/texmf-dist/tex/latex/hyperref/nameref.sty
Package: nameref 2023-11-26 v2.56 Cross-referencing by name of section

(/usr/local/texlive/2024/texmf-dist/tex/latex/refcount/refcount.sty
Package: refcount 2019/12/15 v3.6 Data extraction from label references (HO)
)
(/usr/local/texlive/2024/texmf-dist/tex/generic/gettitlestring/gettitlestring.s
ty
Package: gettitlestring 2019/12/15 v1.6 Cleanup title references (HO)
 (/usr/local/texlive/2024/texmf-dist/tex/latex/kvoptions/kvoptions.sty
Package: kvoptions 2022-06-15 v3.15 Key value format for package options (HO)
))
\c@section@level=\count289
)
(/usr/local/texlive/2024/texmf-dist/tex/latex/etoolbox/etoolbox.sty
Package: etoolbox 2020/10/05 v2.5k e-TeX tools for LaTeX (JAW)
\etb@tempcnta=\count290
)
(/usr/local/texlive/2024/texmf-dist/tex/generic/stringenc/stringenc.sty
Package: stringenc 2019/11/29 v1.12 Convert strings between diff. encodings (HO
)
)
\@linkdim=\dimen172
\Hy@linkcounter=\count291
\Hy@pagecounter=\count292

(/usr/local/texlive/2024/texmf-dist/tex/latex/hyperref/pd1enc.def
File: pd1enc.def 2024-11-05 v7.01l Hyperref: PDFDocEncoding definition (HO)
Now handling font encoding PD1 ...
... no UTF-8 mapping file for font encoding PD1
)
(/usr/local/texlive/2024/texmf-dist/tex/generic/intcalc/intcalc.sty
Package: intcalc 2019/12/15 v1.3 Expandable calculations with integers (HO)
)
\Hy@SavedSpaceFactor=\count293

(/usr/local/texlive/2024/texmf-dist/tex/latex/hyperref/puenc.def
File: puenc.def 2024-11-05 v7.01l Hyperref: PDF Unicode definition (HO)
Now handling font encoding PU ...
... no UTF-8 mapping file for font encoding PU
)
Package hyperref Info: Hyper figures OFF on input line 4157.
Package hyperref Info: Link nesting OFF on input line 4162.
Package hyperref Info: Hyper index ON on input line 4165.
Package hyperref Info: Plain pages OFF on input line 4172.
Package hyperref Info: Backreferencing OFF on input line 4177.
Package hyperref Info: Implicit mode ON; LaTeX internals redefined.
Package hyperref Info: Bookmarks ON on input line 4424.
\c@Hy@tempcnt=\count294

(/usr/local/texlive/2024/texmf-dist/tex/latex/url/url.sty
\Urlmuskip=\muskip18
Package: url 2013/09/16  ver 3.4  Verb mode for urls, etc.
)
LaTeX Info: Redefining \url on input line 4763.
\XeTeXLinkMargin=\dimen173

(/usr/local/texlive/2024/texmf-dist/tex/generic/bitset/bitset.sty
Package: bitset 2019/12/09 v1.3 Handle bit-vector datatype (HO)

(/usr/local/texlive/2024/texmf-dist/tex/generic/bigintcalc/bigintcalc.sty
Package: bigintcalc 2019/12/15 v1.5 Expandable calculations on big integers (HO
)
))
\Fld@menulength=\count295
\Field@Width=\dimen174
\Fld@charsize=\dimen175
Package hyperref Info: Hyper figures OFF on input line 6042.
Package hyperref Info: Link nesting OFF on input line 6047.
Package hyperref Info: Hyper index ON on input line 6050.
Package hyperref Info: backreferencing OFF on input line 6057.
Package hyperref Info: Link coloring OFF on input line 6062.
Package hyperref Info: Link coloring with OCG OFF on input line 6067.
Package hyperref Info: PDF/A mode OFF on input line 6072.

(/usr/local/texlive/2024/texmf-dist/tex/latex/base/atbegshi-ltx.sty
Package: atbegshi-ltx 2021/01/10 v1.0c Emulation of the original atbegshi
package with kernel methods
)
\Hy@abspage=\count296
\c@Item=\count297
\c@Hfootnote=\count298
)
Package hyperref Info: Driver (autodetected): hpdftex.

(/usr/local/texlive/2024/texmf-dist/tex/latex/hyperref/hpdftex.def
File: hpdftex.def 2024-11-05 v7.01l Hyperref driver for pdfTeX

(/usr/local/texlive/2024/texmf-dist/tex/latex/base/atveryend-ltx.sty
Package: atveryend-ltx 2020/08/19 v1.0a Emulation of the original atveryend pac
kage
with kernel methods
)
\Fld@listcount=\count299
\c@bookmark@seq@number=\count300

(/usr/local/texlive/2024/texmf-dist/tex/latex/rerunfilecheck/rerunfilecheck.sty
Package: rerunfilecheck 2022-07-10 v1.10 Rerun checks for auxiliary files (HO)

(/usr/local/texlive/2024/texmf-dist/tex/generic/uniquecounter/uniquecounter.sty
Package: uniquecounter 2019/12/15 v1.4 Provide unlimited unique counter (HO)
)
Package uniquecounter Info: New unique counter `rerunfilecheck' on input line 2
85.
)
\Hy@SectionHShift=\skip54
) (/usr/local/texlive/2024/texmf-dist/tex/latex/tools/longtable.sty
Package: longtable 2024-10-27 v4.22 Multi-page Table package (DPC)
\LTleft=\skip55
\LTright=\skip56
\LTpre=\skip57
\LTpost=\skip58
\LTchunksize=\count301
\LTcapwidth=\dimen176
\LT@head=\box54
\LT@firsthead=\box55
\LT@foot=\box56
\LT@lastfoot=\box57
\LT@gbox=\box58
\LT@cols=\count302
\LT@rows=\count303
\c@LT@tables=\count304
\c@LT@chunks=\count305
\LT@p@ftn=\toks26
)
(/usr/local/texlive/2024/texmf-dist/tex/latex/graphics/graphicx.sty
Package: graphicx 2021/09/16 v1.2d Enhanced LaTeX Graphics (DPC,SPQR)

(/usr/local/texlive/2024/texmf-dist/tex/latex/graphics/graphics.sty
Package: graphics 2024/08/06 v1.4g Standard LaTeX Graphics (DPC,SPQR)

(/usr/local/texlive/2024/texmf-dist/tex/latex/graphics/trig.sty
Package: trig 2023/12/02 v1.11 sin cos tan (DPC)
)
(/usr/local/texlive/2024/texmf-dist/tex/latex/graphics-cfg/graphics.cfg
File: graphics.cfg 2016/06/04 v1.11 sample graphics configuration
)
Package graphics Info: Driver file: pdftex.def on input line 106.

(/usr/local/texlive/2024/texmf-dist/tex/latex/graphics-def/pdftex.def
File: pdftex.def 2024/04/13 v1.2c Graphics/color driver for pdftex
))
\Gin@req@height=\dimen177
\Gin@req@width=\dimen178
)
(/usr/local/texlive/2024/texmf-dist/tex/latex/l3backend/l3backend-pdftex.def
File: l3backend-pdftex.def 2024-05-08 L3 backend support: PDF output (pdfTeX)
\l__color_backend_stack_int=\count306
\l__pdf_internal_box=\box59
)
(./AI388_Part1.aux)
\openout1 = `AI388_Part1.aux'.

LaTeX Font Info:    Checking defaults for OML/cmm/m/it on input line 16.
LaTeX Font Info:    ... okay on input line 16.
LaTeX Font Info:    Checking defaults for OMS/cmsy/m/n on input line 16.
LaTeX Font Info:    ... okay on input line 16.
LaTeX Font Info:    Checking defaults for OT1/cmr/m/n on input line 16.
LaTeX Font Info:    ... okay on input line 16.
LaTeX Font Info:    Checking defaults for T1/cmr/m/n on input line 16.
LaTeX Font Info:    ... okay on input line 16.
LaTeX Font Info:    Checking defaults for TS1/cmr/m/n on input line 16.
LaTeX Font Info:    ... okay on input line 16.
LaTeX Font Info:    Checking defaults for OMX/cmex/m/n on input line 16.
LaTeX Font Info:    ... okay on input line 16.
LaTeX Font Info:    Checking defaults for U/cmr/m/n on input line 16.
LaTeX Font Info:    ... okay on input line 16.
LaTeX Font Info:    Checking defaults for PD1/pdf/m/n on input line 16.
LaTeX Font Info:    ... okay on input line 16.
LaTeX Font Info:    Checking defaults for PU/pdf/m/n on input line 16.
LaTeX Font Info:    ... okay on input line 16.

*geometry* driver: auto-detecting
*geometry* detected driver: pdftex
*geometry* verbose mode - [ preamble ] result:
* driver: pdftex
* paper: a4paper
* layout: <same size as paper>
* layoutoffset:(h,v)=(0.0pt,0.0pt)
* modes: 
* h-part:(L,W,R)=(72.26999pt, 452.9679pt, 72.26999pt)
* v-part:(T,H,B)=(72.26999pt, 700.50687pt, 72.26999pt)
* \paperwidth=597.50787pt
* \paperheight=845.04684pt
* \textwidth=452.9679pt
* \textheight=700.50687pt
* \oddsidemargin=0.0pt
* \evensidemargin=0.0pt
* \topmargin=-37.0pt
* \headheight=12.0pt
* \headsep=25.0pt
* \topskip=10.0pt
* \footskip=30.0pt
* \marginparwidth=65.0pt
* \marginparsep=11.0pt
* \columnsep=10.0pt
* \skip\footins=9.0pt plus 4.0pt minus 2.0pt
* \hoffset=0.0pt
* \voffset=0.0pt
* \mag=1000
* \@twocolumnfalse
* \@twosidefalse
* \@mparswitchfalse
* \@reversemarginfalse
* (1in=72.27pt=25.4mm, 1cm=28.453pt)

Package hyperref Info: Link coloring OFF on input line 16.
(./AI388_Part1.out) (./AI388_Part1.out)
\@outlinefile=\write3
\openout3 = `AI388_Part1.out'.


(/usr/local/texlive/2024/texmf-dist/tex/context/base/mkii/supp-pdf.mkii
[Loading MPS to PDF converter (version 2006.09.02).]
\scratchcounter=\count307
\scratchdimen=\dimen179
\scratchbox=\box60
\nofMPsegments=\count308
\nofMParguments=\count309
\everyMPshowfont=\toks27
\MPscratchCnt=\count310
\MPscratchDim=\dimen180
\MPnumerator=\count311
\makeMPintoPDFobject=\count312
\everyMPtoPDFconversion=\toks28
) (/usr/local/texlive/2024/texmf-dist/tex/latex/epstopdf-pkg/epstopdf-base.sty
Package: epstopdf-base 2020-01-24 v2.11 Base part for package epstopdf
Package epstopdf-base Info: Redefining graphics rule for `.eps' on input line 4
85.

(/usr/local/texlive/2024/texmf-dist/tex/latex/latexconfig/epstopdf-sys.cfg
File: epstopdf-sys.cfg 2010/07/13 v1.3 Configuration of (r)epstopdf for TeX Liv
e
))
LaTeX Font Info:    Trying to load font information for U+msa on input line 19.


(/usr/local/texlive/2024/texmf-dist/tex/latex/amsfonts/umsa.fd
File: umsa.fd 2013/01/14 v3.01 AMS symbols A
)
LaTeX Font Info:    Trying to load font information for U+msb on input line 19.


(/usr/local/texlive/2024/texmf-dist/tex/latex/amsfonts/umsb.fd
File: umsb.fd 2013/01/14 v3.01 AMS symbols B
)
(./AI388_Part1.toc)
\tf@toc=\write4
\openout4 = `AI388_Part1.toc'.



[1

{/usr/local/texlive/2024/texmf-var/fonts/map/pdftex/updmap/pdftex.map}]

[2]

[3

]
Underfull \hbox (badness 10000) in paragraph at lines 87--87
[]\OT1/cmr/m/n/10 Negative Log Like-li-hood
 []


Underfull \hbox (badness 10000) in paragraph at lines 87--87
[]\OT1/cmr/m/n/10 Provides un-cer-tainty es-ti-mates
 []



[4]

[5]

[6]

[7]
Underfull \hbox (badness 3954) in paragraph at lines 200--200
[]\OT1/cmr/bx/n/10 Negative Log Like-li-hood
 []



[8]
Overfull \hbox (0.97894pt too wide) in paragraph at lines 238--239
\OT1/cmr/m/n/10 The goal of a Lan-guage Model (LM) is to com-pute the prob-a-bi
l-ity of a se-quence of words $\OML/cmm/m/it/10 P\OT1/cmr/m/n/10 (\OML/cmm/m/it
/10 w[]; w[]; :::; w[]\OT1/cmr/m/n/10 )$.
 []



[9]

[10]
Underfull \hbox (badness 1688) in paragraph at lines 319--319
[]\OT1/cmr/bx/n/10 Optimization Fo-
 []


Underfull \hbox (badness 10000) in paragraph at lines 319--319
[]\OT1/cmr/bx/n/10 Computational
 []


Underfull \hbox (badness 6412) in paragraph at lines 319--319
[]\OT1/cmr/m/n/10 Maintains $\OML/cmm/m/it/10 k$ \OT1/cmr/m/n/10 glob-
 []


Underfull \hbox (badness 5359) in paragraph at lines 319--319
\OT1/cmr/m/n/10 ally highest-scoring
 []


Underfull \hbox (badness 10000) in paragraph at lines 319--319
\OT1/cmr/m/n/10 par-tial se-quences
 []


Underfull \hbox (badness 10000) in paragraph at lines 319--319
[]\OT1/cmr/m/n/10 Coherence and
 []


Underfull \hbox (badness 10000) in paragraph at lines 319--319
\OT1/cmr/m/n/10 global se-quence
 []


Underfull \hbox (badness 10000) in paragraph at lines 319--319
\OT1/cmr/m/n/10 prob-a-bil-ity max-i-
 []


Underfull \hbox (badness 1533) in paragraph at lines 319--319
[]\OT1/cmr/m/n/10 High (tracks $\OML/cmm/m/it/10 k$ \OT1/cmr/m/n/10 se-
 []


Underfull \hbox (badness 10000) in paragraph at lines 319--319
[]\OT1/cmr/m/n/10 Translation, Sum-
 []


Underfull \hbox (badness 10000) in paragraph at lines 319--319
\OT1/cmr/m/n/10 ma-riza-tion, Le-gal
 []


Underfull \hbox (badness 7595) in paragraph at lines 319--319
[]\OT1/cmr/m/n/10 Samples from the
 []


Underfull \hbox (badness 5446) in paragraph at lines 319--319
\OT1/cmr/m/n/10 small-est to-ken set
 []


Underfull \hbox (badness 10000) in paragraph at lines 319--319
\OT1/cmr/m/n/10 whose cu-mu-la-tive
 []


Underfull \hbox (badness 7362) in paragraph at lines 319--319
[]\OT1/cmr/m/n/10 Diversity and flu-
 []


Underfull \hbox (badness 10000) in paragraph at lines 319--319
[]\OT1/cmr/m/n/10 Moderate;
 []


Underfull \hbox (badness 10000) in paragraph at lines 319--319
\OT1/cmr/m/n/10 Probabilistic/Non-
 []


Underfull \hbox (badness 10000) in paragraph at lines 319--319
[]\OT1/cmr/m/n/10 Creative writ-ing,
 []


Underfull \hbox (badness 10000) in paragraph at lines 319--319
\OT1/cmr/m/n/10 Chat-bots, Di-a-log
 []


LaTeX Warning: `!h' float specifier changed to `!ht'.



[11{/usr/local/texlive/2024/texmf-dist/fonts/enc/dvips/cm-super/cm-super-ts1.en
c}]

[12]

[13]
Underfull \hbox (badness 10000) in paragraph at lines 396--396
[]|\OT1/cmr/bx/n/10 Syntactic
 []


Underfull \hbox (badness 10000) in paragraph at lines 396--396
\OT1/cmr/bx/n/10 Rep-re-sen-ta-
 []


Underfull \hbox (badness 10000) in paragraph at lines 396--396
[]|\OT1/cmr/bx/n/10 Typical
 []


Underfull \hbox (badness 10000) in paragraph at lines 396--396
\OT1/cmr/bx/n/10 Com-plex-ity
 []


Underfull \hbox (badness 10000) in paragraph at lines 396--397
[]|\OT1/cmr/bx/n/10 Salient
 []


Overfull \hbox (62.89523pt too wide) in alignment at lines 392--398
 [] [] [] [] [] [] 
 []


Underfull \hbox (badness 10000) in paragraph at lines 401--401
[]|\OT1/cmr/bx/n/10 Syntactic
 []


Underfull \hbox (badness 10000) in paragraph at lines 401--401
\OT1/cmr/bx/n/10 Rep-re-sen-ta-
 []


Underfull \hbox (badness 10000) in paragraph at lines 401--401
[]|\OT1/cmr/bx/n/10 Typical
 []


Underfull \hbox (badness 10000) in paragraph at lines 401--401
\OT1/cmr/bx/n/10 Com-plex-ity
 []


Underfull \hbox (badness 10000) in paragraph at lines 401--402
[]|\OT1/cmr/bx/n/10 Salient
 []


Overfull \hbox (62.89523pt too wide) in alignment at lines 398--403
 [] [] [] [] [] [] 
 []


Overfull \hbox (62.89523pt too wide) in alignment at lines 403--405
 [] [] [] [] [] [] 
 []


Overfull \hbox (62.89523pt too wide) in alignment at lines 405--407
 [] [] [] [] [] [] 
 []


Overfull \hbox (0.90683pt too wide) in paragraph at lines 408--408
[]|\OT1/cmr/bx/n/10 Constituency
 []


Underfull \hbox (badness 10000) in paragraph at lines 408--408
[]|\OT1/cmr/m/n/10 CKY Al-go-rithm
 []


Underfull \hbox (badness 10000) in paragraph at lines 408--408
\OT1/cmr/m/n/10 (Dy-namic Pro-
 []


Underfull \hbox (badness 10000) in paragraph at lines 408--408
[]|$\OML/cmm/m/it/10 O\OT1/cmr/m/n/10 (\OML/cmm/m/it/10 n[]\OT1/cmr/m/n/10 )$ (
Un-
 []


Underfull \hbox (badness 10000) in paragraph at lines 408--408
\OT1/cmr/m/n/10 lex-i-cal-ized)
 []


Underfull \hbox (badness 10000) in paragraph at lines 408--408
\OT1/cmr/m/n/10 to $\OML/cmm/m/it/10 O\OT1/cmr/m/n/10 (\OML/cmm/m/it/10 n[]\OT1
/cmr/m/n/10 )$
 []


Underfull \hbox (badness 2762) in paragraph at lines 408--408
\OT1/cmr/m/n/10 the glob-ally op-ti-
 []


Underfull \hbox (badness 10000) in paragraph at lines 408--408
\OT1/cmr/m/n/10 tures hi-er-ar-chi-cal
 []


Underfull \hbox (badness 10000) in paragraph at lines 408--409
[]|\OT1/cmr/m/n/10 Computationally
 []


Underfull \hbox (badness 10000) in paragraph at lines 410--410
[]|\OT1/cmr/bx/n/10 Transition-
 []


Underfull \hbox (badness 10000) in paragraph at lines 410--410
\OT1/cmr/bx/n/10 based De-
 []


Underfull \hbox (badness 10000) in paragraph at lines 410--410
\OT1/cmr/bx/n/10 pen-dency
 []


Underfull \hbox (badness 10000) in paragraph at lines 410--410
[]|\OT1/cmr/m/n/10 Shift-Reduce
 []


Underfull \hbox (badness 5667) in paragraph at lines 410--410
\OT1/cmr/m/n/10 (Greedy Clas-si-fi-
 []


Underfull \hbox (badness 6592) in paragraph at lines 410--410
[]|\OT1/cmr/m/n/10 Directed De-
 []


Underfull \hbox (badness 10000) in paragraph at lines 410--410
\OT1/cmr/m/n/10 pen-dency
 []


Underfull \hbox (badness 10000) in paragraph at lines 410--410
[]|\OT1/cmr/m/n/10 Extremely fast
 []


Underfull \hbox (badness 10000) in paragraph at lines 410--410
\OT1/cmr/m/n/10 and scal-able;
 []


Underfull \hbox (badness 10000) in paragraph at lines 410--410
\OT1/cmr/m/n/10 well-suited for
 []


Underfull \hbox (badness 10000) in paragraph at lines 410--410
\OT1/cmr/m/n/10 de-ploy-ment on
 []


Underfull \hbox (badness 10000) in paragraph at lines 410--411
[]|\OT1/cmr/m/n/10 Greedy de-ci-sions
 []


Underfull \hbox (badness 2644) in paragraph at lines 410--411
\OT1/cmr/m/n/10 mean lo-cal er-rors
 []


Underfull \hbox (badness 5696) in paragraph at lines 410--411
\OT1/cmr/m/n/10 can-not be re-cov-
 []


Underfull \hbox (badness 10000) in paragraph at lines 410--411
\OT1/cmr/m/n/10 ered, po-ten-tially
 []


Underfull \hbox (badness 10000) in paragraph at lines 410--411
\OT1/cmr/m/n/10 lead-ing to sub-
 []


Underfull \hbox (badness 10000) in paragraph at lines 410--411
\OT1/cmr/m/n/10 optimal global
 []


Overfull \hbox (62.89523pt too wide) in alignment at lines 407--412
 [] [] [] [] [] [] 
 []



[14]

[15] (./AI388_Part1.aux)
 ***********
LaTeX2e <2024-11-01> patch level 2
L3 programming layer <2024-12-25>
 ***********
Package rerunfilecheck Info: File `AI388_Part1.out' has not changed.
(rerunfilecheck)             Checksum: 86C3E69473058D6131CD7C504ABDDE53;10928.
 ) 
Here is how much of TeX's memory you used:
 10480 strings out of 473207
 159142 string characters out of 5716282
 573797 words of memory out of 5000000
 33528 multiletter control sequences out of 15000+600000
 568168 words of font info for 72 fonts, out of 8000000 for 9000
 1141 hyphenation exceptions out of 8191
 75i,16n,79p,959b,528s stack positions out of 10000i,1000n,20000p,200000b,200000s
</usr/local/texlive/2024/texmf-dist/fonts/type1/public/amsfonts/cm/cmbx10.pfb
></usr/local/texlive/2024/texmf-dist/fonts/type1/public/amsfonts/cm/cmbx12.pfb>
</usr/local/texlive/2024/texmf-dist/fonts/type1/public/amsfonts/cm/cmex10.pfb><
/usr/local/texlive/2024/texmf-dist/fonts/type1/public/amsfonts/cmextra/cmex7.pf
b></usr/local/texlive/2024/texmf-dist/fonts/type1/public/amsfonts/cm/cmmi10.pfb
></usr/local/texlive/2024/texmf-dist/fonts/type1/public/amsfonts/cm/cmmi5.pfb><
/usr/local/texlive/2024/texmf-dist/fonts/type1/public/amsfonts/cm/cmmi7.pfb></u
sr/local/texlive/2024/texmf-dist/fonts/type1/public/amsfonts/cm/cmr10.pfb></usr
/local/texlive/2024/texmf-dist/fonts/type1/public/amsfonts/cm/cmr12.pfb></usr/l
ocal/texlive/2024/texmf-dist/fonts/type1/public/amsfonts/cm/cmr17.pfb></usr/loc
al/texlive/2024/texmf-dist/fonts/type1/public/amsfonts/cm/cmr5.pfb></usr/local/
texlive/2024/texmf-dist/fonts/type1/public/amsfonts/cm/cmr7.pfb></usr/local/tex
live/2024/texmf-dist/fonts/type1/public/amsfonts/cm/cmsy10.pfb></usr/local/texl
ive/2024/texmf-dist/fonts/type1/public/amsfonts/cm/cmsy5.pfb></usr/local/texliv
e/2024/texmf-dist/fonts/type1/public/amsfonts/cm/cmsy7.pfb></usr/local/texlive/
2024/texmf-dist/fonts/type1/public/amsfonts/cm/cmti10.pfb></usr/local/texlive/2
024/texmf-dist/fonts/type1/public/amsfonts/cm/cmtt10.pfb></usr/local/texlive/20
24/texmf-dist/fonts/type1/public/amsfonts/symbols/msbm10.pfb></usr/local/texliv
e/2024/texmf-dist/fonts/type1/public/cm-super/sfrm1000.pfb>
Output written on AI388_Part1.pdf (15 pages, 291899 bytes).
PDF statistics:
 395 PDF objects out of 1000 (max. 8388607)
 336 compressed objects within 4 object streams
 69 named destinations out of 1000 (max. 500000)
 313 words of extra memory for PDF output out of 10000 (max. 10000000)

